<?xml version="1.0" encoding="UTF-8" ?>
<testsuite tests="6" failures="0" name="com.qa.greenkart.test.TestHomePage" time="0.538" errors="0" skipped="0">
  <properties>
    <property name="DISPLAY" value="needs-to-be-defined"/>
    <property name="PROCESSOR_ARCHITECTURE" value="AMD64"/>
    <property name="file.encoding.pkg" value="sun.io"/>
    <property name="MINGW_CHOST" value="x86_64-w64-mingw32"/>
    <property name="LOGONSERVER" value="\\DESKTOP-S8J8GPP"/>
    <property name="classpath" value=""/>
    <property name="ProgramData" value="C:\ProgramData"/>
    <property name="java.home" value="A:\java\jdk1.8.0_171\jre"/>
    <property name="ACLOCAL_PATH" value="C:\Program Files\Git\mingw64\share\aclocal;C:\Program Files\Git\usr\share\aclocal"/>
    <property name="Platform" value="MCD"/>
    <property name="MSYSTEM" value="MINGW64"/>
    <property name="NODE_NAME" value="master"/>
    <property name="PWD" value="C:/Users/Rushikesh/Desktop/jenkins"/>
    <property name="JENKINS_URL" value="http://localhost:8080/"/>
    <property name="VS110COMNTOOLS" value="C:\Program Files (x86)\Microsoft Visual Studio 11.0\Common7\Tools\"/>
    <property name="ALLUSERSPROFILE" value="C:\ProgramData"/>
    <property name="java.endorsed.dirs" value="A:\java\jdk1.8.0_171\jre\lib\endorsed"/>
    <property name="PSModulePath" value="C:\WINDOWS\system32\WindowsPowerShell\v1.0\Modules\;C:\Program Files (x86)\Microsoft SQL Server\120\Tools\PowerShell\Modules\"/>
    <property name="=::" value="::\"/>
    <property name="USERDOMAIN" value="DESKTOP-S8J8GPP"/>
    <property name="ORIGINAL_PATH" value="C:\Program Files\Git\mingw64\bin;C:\Program Files\Git\usr\bin;C:\Users\Rushikesh\bin;G:\app\Rushikesh\product\11.1.0\db_2\bin;G:\app\Rushikesh\OraHome_1\bin;C:\Program Files (x86)\Intel\iCLS Client;C:\Program Files\Intel\iCLS Client;C:\Windows\system32;C:\Windows;C:\Windows\System32\Wbem;C:\Windows\System32\WindowsPowerShell\v1.0;C:\Program Files (x86)\Intel\Intel(R) Management Engine Components\DAL;C:\Program Files\Intel\Intel(R) Management Engine Components\DAL;C:\Program Files (x86)\Intel\Intel(R) Management Engine Components\IPT;C:\Program Files\Intel\Intel(R) Management Engine Components\IPT;C:\Program Files (x86)\NVIDIA Corporation\PhysX\Common;C:\Program Files\Microsoft SQL Server\Client SDK\ODBC\110\Tools\Binn;C:\Program Files (x86)\Microsoft SQL Server\120\Tools\Binn;C:\Program Files\Microsoft SQL Server\120\Tools\Binn;C:\Program Files\Microsoft SQL Server\120\DTS\Binn;C:\Program Files (x86)\Microsoft SQL Server\120\Tools\Binn\ManagementStudio;C:\Program Files (x86)\Microsoft SQL Server\120\DTS\Binn;C:\Program Files\Microsoft SQL Server\130\Tools\Binn;C:\Program Files\dotnet;C:\WINDOWS\system32;C:\WINDOWS;C:\WINDOWS\System32\Wbem;C:\WINDOWS\System32\WindowsPowerShell\v1.0;C:\WINDOWS\System32\OpenSSH;C:\Program Files\nodejs;A:\java\jdk1.8.0_171\bin;C:\apache-maven-3.6.1\bin;C:\apache-maven-3.6.1\bin;%M2_MAVEN%\bin;C:\apache-maven-3.6.1;A:\java\jdk1.8.0_171;A:\java\jdk1.8.0_171\lib;C:\Program Files\Git\cmd;C:\Program Files\Git\mingw64\bin;C:\Program Files\Git\usr\bin;C:\Users\Rushikesh\scoop\shims;C:\Users\Rushikesh\AppData\Local\Programs\Python\Python37\Scripts;C:\Users\Rushikesh\AppData\Local\Programs\Python\Python37;C:\Users\Rushikesh\.cargo\bin;C:\Users\Rushikesh\AppData\Local\Programs\Python\Python36-32\Scripts;C:\Users\Rushikesh\AppData\Local\Programs\Python\Python36-32;C:\Users\Rushikesh\AppData\Roaming\npm;C:\Program Files\JetBrains\PyCharm 2019.1.1\bin;C:\Program Files\JetBrains\PyCharm Community Edition 2019.1.1\bin;C:\Program Files\Microsoft VS Code\bin;C:\Users\Rushikesh\Downloads\php-7.3.11-src\php"/>
    <property name="sun.os.patch.level" value=""/>
    <property name="java.vendor.url" value="http://java.oracle.com/"/>
    <property name="PKG_CONFIG_PATH" value="C:\Program Files\Git\mingw64\lib\pkgconfig;C:\Program Files\Git\mingw64\share\pkgconfig"/>
    <property name="CommonProgramFiles(x86)" value="C:\Program Files (x86)\Common Files"/>
    <property name="java.version" value="1.8.0_171"/>
    <property name="JOB_NAME" value="GREENKART.com"/>
    <property name="COMPUTERNAME" value="DESKTOP-S8J8GPP"/>
    <property name="SYSTEMDRIVE" value="C:"/>
    <property name="FSHARPINSTALLDIR" value="C:\Program Files (x86)\Microsoft SDKs\F#\4.1\Framework\v4.0\"/>
    <property name="PyCharm" value="C:\Program Files\JetBrains\PyCharm 2019.1.1\bin;"/>
    <property name="java.vendor.url.bug" value="http://bugreport.sun.com/bugreport/"/>
    <property name="PUBLIC" value="C:\Users\Public"/>
    <property name="VS120COMNTOOLS" value="C:\Program Files (x86)\Microsoft Visual Studio 12.0\Common7\Tools\"/>
    <property name="CONFIG_SITE" value="C:/Program Files/Git/mingw64/etc/config.site"/>
    <property name="user.name" value="Rushikesh"/>
    <property name="sun.io.unicode.encoding" value="UnicodeLittle"/>
    <property name="sun.jnu.encoding" value="Cp1252"/>
    <property name="java.runtime.name" value="Java(TM) SE Runtime Environment"/>
    <property name="PROCESSOR_IDENTIFIER" value="Intel64 Family 6 Model 61 Stepping 4, GenuineIntel"/>
    <property name="java.specification.name" value="Java Platform API Specification"/>
    <property name="LOCALAPPDATA" value="C:\Users\Rushikesh\AppData\Local"/>
    <property name="RUN_CHANGES_DISPLAY_URL" value="http://localhost:8080/job/GREENKART.com/1/display/redirect?page=changes"/>
    <property name="MSYSTEM_CARCH" value="x86_64"/>
    <property name="user.timezone" value="Asia/Calcutta"/>
    <property name="INFOPATH" value="C:\Program Files\Git\usr\local\info;C:\Program Files\Git\usr\share\info;C:\Program Files\Git\usr\info;C:\Program Files\Git\share\info"/>
    <property name="user.script" value=""/>
    <property name="path.separator" value=";"/>
    <property name="NUMBER_OF_PROCESSORS" value="4"/>
    <property name="BUILD_TAG" value="jenkins-GREENKART.com-1"/>
    <property name="TERM" value="xterm"/>
    <property name="file.encoding" value="Cp1252"/>
    <property name="VS140COMNTOOLS" value="C:\Program Files (x86)\Microsoft Visual Studio 14.0\Common7\Tools\"/>
    <property name="PATH" value="C:\Users\Rushikesh\bin;C:\Program Files\Git\mingw64\bin;C:\Program Files\Git\usr\local\bin;C:\Program Files\Git\usr\bin;C:\Program Files\Git\usr\bin;C:\Program Files\Git\mingw64\bin;C:\Program Files\Git\usr\bin;C:\Users\Rushikesh\bin;G:\app\Rushikesh\product\11.1.0\db_2\bin;G:\app\Rushikesh\OraHome_1\bin;C:\Program Files (x86)\Intel\iCLS Client;C:\Program Files\Intel\iCLS Client;C:\Windows\system32;C:\Windows;C:\Windows\System32\Wbem;C:\Windows\System32\WindowsPowerShell\v1.0;C:\Program Files (x86)\Intel\Intel(R) Management Engine Components\DAL;C:\Program Files\Intel\Intel(R) Management Engine Components\DAL;C:\Program Files (x86)\Intel\Intel(R) Management Engine Components\IPT;C:\Program Files\Intel\Intel(R) Management Engine Components\IPT;C:\Program Files (x86)\NVIDIA Corporation\PhysX\Common;C:\Program Files\Microsoft SQL Server\Client SDK\ODBC\110\Tools\Binn;C:\Program Files (x86)\Microsoft SQL Server\120\Tools\Binn;C:\Program Files\Microsoft SQL Server\120\Tools\Binn;C:\Program Files\Microsoft SQL Server\120\DTS\Binn;C:\Program Files (x86)\Microsoft SQL Server\120\Tools\Binn\ManagementStudio;C:\Program Files (x86)\Microsoft SQL Server\120\DTS\Binn;C:\Program Files\Microsoft SQL Server\130\Tools\Binn;C:\Program Files\dotnet;C:\WINDOWS\system32;C:\WINDOWS;C:\WINDOWS\System32\Wbem;C:\WINDOWS\System32\WindowsPowerShell\v1.0;C:\WINDOWS\System32\OpenSSH;C:\Program Files\nodejs;A:\java\jdk1.8.0_171\bin;C:\apache-maven-3.6.1\bin;C:\apache-maven-3.6.1\bin;%M2_MAVEN%\bin;C:\apache-maven-3.6.1;A:\java\jdk1.8.0_171;A:\java\jdk1.8.0_171\lib;C:\Program Files\Git\cmd;C:\Program Files\Git\mingw64\bin;C:\Program Files\Git\usr\bin;C:\Users\Rushikesh\scoop\shims;C:\Users\Rushikesh\AppData\Local\Programs\Python\Python37\Scripts;C:\Users\Rushikesh\AppData\Local\Programs\Python\Python37;C:\Users\Rushikesh\.cargo\bin;C:\Users\Rushikesh\AppData\Local\Programs\Python\Python36-32\Scripts;C:\Users\Rushikesh\AppData\Local\Programs\Python\Python36-32;C:\Users\Rushikesh\AppData\Roaming\npm;C:\Program Files\JetBrains\PyCharm 2019.1.1\bin;C:\Program Files\JetBrains\PyCharm Community Edition 2019.1.1\bin;C:\Program Files\Microsoft VS Code\bin;C:\Users\Rushikesh\Downloads\php-7.3.11-src\php;C:\Program Files\Git\usr\bin\vendor_perl;C:\Program Files\Git\usr\bin\core_perl"/>
    <property name="sun.java.command" value="jenkins.maven3.agent.Maven35Main C:\Users\Rushikesh\.jenkins\tools\hudson.tasks.Maven_MavenInstallation\testmaven C:\Users\Rushikesh\.jenkins\war\WEB-INF\lib\remoting-3.36.jar C:\Users\Rushikesh\.jenkins\plugins\maven-plugin\WEB-INF\lib\maven35-interceptor-1.13.jar C:\Users\Rushikesh\.jenkins\plugins\maven-plugin\WEB-INF\lib\maven3-interceptor-commons-1.13.jar 60979"/>
    <property name="HUDSON_URL" value="http://localhost:8080/"/>
    <property name="JENKINS_SERVER_COOKIE" value="959b387c057179a6"/>
    <property name="EXECUTOR_NUMBER" value="0"/>
    <property name="PLINK_PROTOCOL" value="ssh"/>
    <property name="MANPATH" value="C:\Program Files\Git\mingw64\local\man;C:\Program Files\Git\mingw64\share\man;C:\Program Files\Git\usr\local\man;C:\Program Files\Git\usr\share\man;C:\Program Files\Git\usr\man;C:\Program Files\Git\share\man"/>
    <property name="java.io.tmpdir" value="C:\Users\RUSHIK~1\AppData\Local\Temp\"/>
    <property name="APPDATA" value="C:\Users\Rushikesh\AppData\Roaming"/>
    <property name="user.language" value="en"/>
    <property name="SYSTEMROOT" value="C:\WINDOWS"/>
    <property name="line.separator" value="
"/>
    <property name="BUILD_URL" value="http://localhost:8080/job/GREENKART.com/1/"/>
    <property name="SHLVL" value="1"/>
    <property name="M2_HOME" value="C:\Users\Rushikesh\.jenkins\tools\hudson.tasks.Maven_MavenInstallation\testmaven"/>
    <property name="COMMONPROGRAMFILES" value="C:\Program Files\Common Files"/>
    <property name="java.vm.info" value="mixed mode"/>
    <property name="DriverData" value="C:\Windows\System32\Drivers\DriverData"/>
    <property name="sun.desktop" value="windows"/>
    <property name="java.vm.specification.name" value="Java Virtual Machine Specification"/>
    <property name="BUILD_DISPLAY_NAME" value="#1"/>
    <property name="OS" value="Windows_NT"/>
    <property name="guice.disable.misplaced.annotation.check" value="true"/>
    <property name="HUDSON_SERVER_COOKIE" value="959b387c057179a6"/>
    <property name="PS1" value="\[\033]0;$TITLEPREFIX:C:/Users/Rushikesh/Desktop/jenkins\007\]\n\[\033[32m\]\u@\h \[\033[35m\]MINGW64 \[\033[33m\]\w\[\033[36m\]`__git_ps1`\[\033[0m\]\n$ "/>
    <property name="MAVEN_HOME" value="C:\Users\Rushikesh\.jenkins\tools\hudson.tasks.Maven_MavenInstallation\testmaven"/>
    <property name="SESSIONNAME" value="Console"/>
    <property name="PATHEXT" value=".COM;.EXE;.BAT;.CMD;.VBS;.VBE;.JS;.JSE;.WSF;.WSH;.MSC"/>
    <property name="java.awt.printerjob" value="sun.awt.windows.WPrinterJob"/>
    <property name="maven3.interceptor.common" value="C:\Users\Rushikesh\.jenkins\plugins\maven-plugin\WEB-INF\lib\maven3-interceptor-commons-1.13.jar"/>
    <property name="ORIGINAL_TEMP" value="C:/Users/RUSHIK~1/AppData/Local/Temp"/>
    <property name="PyCharm Community Edition" value="C:\Program Files\JetBrains\PyCharm Community Edition 2019.1.1\bin;"/>
    <property name="HOMEPATH" value="\Users\Rushikesh"/>
    <property name="TMPDIR" value="C:\Users\RUSHIK~1\AppData\Local\Temp"/>
    <property name="os.name" value="Windows 10"/>
    <property name="java.specification.vendor" value="Oracle Corporation"/>
    <property name="java.vm.name" value="Java HotSpot(TM) 64-Bit Server VM"/>
    <property name="BUILD_NUMBER" value="1"/>
    <property name="maven3.interceptor" value="C:\Users\Rushikesh\.jenkins\plugins\maven-plugin\WEB-INF\lib\maven35-interceptor-1.13.jar"/>
    <property name="java.library.path" value="A:\java\jdk1.8.0_171\bin;C:\WINDOWS\Sun\Java\bin;C:\WINDOWS\system32;C:\WINDOWS;C:\Users\Rushikesh\.jenkins\tools\hudson.tasks.Maven_MavenInstallation\testmaven/bin;C:\Users\Rushikesh\bin;C:\Program Files\Git\mingw64\bin;C:\Program Files\Git\usr\local\bin;C:\Program Files\Git\usr\bin;C:\Program Files\Git\usr\bin;C:\Program Files\Git\mingw64\bin;C:\Program Files\Git\usr\bin;C:\Users\Rushikesh\bin;G:\app\Rushikesh\product\11.1.0\db_2\bin;G:\app\Rushikesh\OraHome_1\bin;C:\Program Files (x86)\Intel\iCLS Client;C:\Program Files\Intel\iCLS Client;C:\Windows\system32;C:\Windows;C:\Windows\System32\Wbem;C:\Windows\System32\WindowsPowerShell\v1.0;C:\Program Files (x86)\Intel\Intel(R) Management Engine Components\DAL;C:\Program Files\Intel\Intel(R) Management Engine Components\DAL;C:\Program Files (x86)\Intel\Intel(R) Management Engine Components\IPT;C:\Program Files\Intel\Intel(R) Management Engine Components\IPT;C:\Program Files (x86)\NVIDIA Corporation\PhysX\Common;C:\Program Files\Microsoft SQL Server\Client SDK\ODBC\110\Tools\Binn;C:\Program Files (x86)\Microsoft SQL Server\120\Tools\Binn;C:\Program Files\Microsoft SQL Server\120\Tools\Binn;C:\Program Files\Microsoft SQL Server\120\DTS\Binn;C:\Program Files (x86)\Microsoft SQL Server\120\Tools\Binn\ManagementStudio;C:\Program Files (x86)\Microsoft SQL Server\120\DTS\Binn;C:\Program Files\Microsoft SQL Server\130\Tools\Binn;C:\Program Files\dotnet;C:\WINDOWS\system32;C:\WINDOWS;C:\WINDOWS\System32\Wbem;C:\WINDOWS\System32\WindowsPowerShell\v1.0;C:\WINDOWS\System32\OpenSSH;C:\Program Files\nodejs;A:\java\jdk1.8.0_171\bin;C:\apache-maven-3.6.1\bin;C:\apache-maven-3.6.1\bin;%M2_MAVEN%\bin;C:\apache-maven-3.6.1;A:\java\jdk1.8.0_171;A:\java\jdk1.8.0_171\lib;C:\Program Files\Git\cmd;C:\Program Files\Git\mingw64\bin;C:\Program Files\Git\usr\bin;C:\Users\Rushikesh\scoop\shims;C:\Users\Rushikesh\AppData\Local\Programs\Python\Python37\Scripts;C:\Users\Rushikesh\AppData\Local\Programs\Python\Python37;C:\Users\Rushikesh\.cargo\bin;C:\Users\Rushikesh\AppData\Local\Programs\Python\Python36-32\Scripts;C:\Users\Rushikesh\AppData\Local\Programs\Python\Python36-32;C:\Users\Rushikesh\AppData\Roaming\npm;C:\Program Files\JetBrains\PyCharm 2019.1.1\bin;C:\Program Files\JetBrains\PyCharm Community Edition 2019.1.1\bin;C:\Program Files\Microsoft VS Code\bin;C:\Users\Rushikesh\Downloads\php-7.3.11-src\php;C:\Program Files\Git\usr\bin\vendor_perl;C:\Program Files\Git\usr\bin\core_perl;."/>
    <property name="HOMEDRIVE" value="C:"/>
    <property name="java.class.version" value="52.0"/>
    <property name="JOB_URL" value="http://localhost:8080/job/GREENKART.com/"/>
    <property name="platformcode" value="KV"/>
    <property name="OneDrive" value="C:\Users\Rushikesh\OneDrive"/>
    <property name="MINGW_PACKAGE_PREFIX" value="mingw-w64-x86_64"/>
    <property name="RUN_DISPLAY_URL" value="http://localhost:8080/job/GREENKART.com/1/display/redirect"/>
    <property name="JENKINS_HOME" value="C:\Users\Rushikesh\.jenkins"/>
    <property name="BUILD_ID" value="1"/>
    <property name="TEMP" value="C:\Users\RUSHIK~1\AppData\Local\Temp"/>
    <property name="sun.boot.library.path" value="A:\java\jdk1.8.0_171\jre\bin"/>
    <property name="MSYSTEM_PREFIX" value="C:/Program Files/Git/mingw64"/>
    <property name="sun.management.compiler" value="HotSpot 64-Bit Tiered Compilers"/>
    <property name="java.awt.graphicsenv" value="sun.awt.Win32GraphicsEnvironment"/>
    <property name="user.variant" value=""/>
    <property name="PROCESSOR_REVISION" value="3d04"/>
    <property name="HUDSON_HOME" value="C:\Users\Rushikesh\.jenkins"/>
    <property name="ProgramFiles(x86)" value="C:\Program Files (x86)"/>
    <property name="PATH+MAVEN" value="C:\Users\Rushikesh\.jenkins\tools\hudson.tasks.Maven_MavenInstallation\testmaven/bin"/>
    <property name="USERDOMAIN_ROAMINGPROFILE" value="DESKTOP-S8J8GPP"/>
    <property name="OLDPWD" value="C:/Users/Rushikesh/Desktop"/>
    <property name="java.vm.specification.version" value="1.8"/>
    <property name="JAVA_HOME" value="A:\java\jdk1.8.0_171"/>
    <property name="SHELL" value="C:\Program Files\Git\usr\bin\bash.exe"/>
    <property name="awt.toolkit" value="sun.awt.windows.WToolkit"/>
    <property name="NODE_LABELS" value="master"/>
    <property name="PROGRAMFILES" value="C:\Program Files"/>
    <property name="sun.cpu.isalist" value="amd64"/>
    <property name="USERPROFILE" value="C:\Users\Rushikesh"/>
    <property name="JOB_DISPLAY_URL" value="http://localhost:8080/job/GREENKART.com/display/redirect"/>
    <property name="java.ext.dirs" value="A:\java\jdk1.8.0_171\jre\lib\ext;C:\WINDOWS\Sun\Java\lib\ext"/>
    <property name="os.version" value="10.0"/>
    <property name="user.home" value="C:\Users\Rushikesh"/>
    <property name="USERNAME" value="Rushikesh"/>
    <property name="_" value="A:/java/jdk1.8.0_171/bin/java"/>
    <property name="java.vm.vendor" value="Oracle Corporation"/>
    <property name="PROCESSOR_LEVEL" value="6"/>
    <property name="CommonProgramW6432" value="C:\Program Files\Common Files"/>
    <property name="user.dir" value="A:\JavaPrograms\GREENKART.COM"/>
    <property name="maven.conf" value="C:\Users\Rushikesh\.jenkins\tools\hudson.tasks.Maven_MavenInstallation\testmaven\conf"/>
    <property name="SSH_ASKPASS" value="C:/Program Files/Git/mingw64/libexec/git-core/git-gui--askpass"/>
    <property name="ProgramW6432" value="C:\Program Files"/>
    <property name="TMP" value="C:\Users\RUSHIK~1\AppData\Local\Temp"/>
    <property name="MINGW_PREFIX" value="C:/Program Files/Git/mingw64"/>
    <property name="sun.cpu.endian" value="little"/>
    <property name="java.vm.version" value="25.171-b11"/>
    <property name="java.class.path" value="C:\Users\Rushikesh\.jenkins\plugins\maven-plugin\WEB-INF\lib\maven35-agent-1.13.jar;C:\Users\Rushikesh\.jenkins\tools\hudson.tasks.Maven_MavenInstallation\testmaven\boot\plexus-classworlds-2.6.0.jar;C:\Users\Rushikesh\.jenkins\tools\hudson.tasks.Maven_MavenInstallation\testmaven/conf/logging"/>
    <property name="org.slf4j.simpleLogger.defaultLogLevel" value="info"/>
    <property name="os.arch" value="amd64"/>
    <property name="RegionCode" value="APJ"/>
    <property name="WORKSPACE" value="C:\Users\Rushikesh\.jenkins\workspace\GREENKART.com"/>
    <property name="sun.java.launcher" value="SUN_STANDARD"/>
    <property name="FPS_BROWSER_APP_PROFILE_STRING" value="Internet Explorer"/>
    <property name="LANG" value="en_US.UTF-8"/>
    <property name="FPS_BROWSER_USER_PROFILE_STRING" value="Default"/>
    <property name="java.vm.specification.vendor" value="Oracle Corporation"/>
    <property name="file.separator" value="\"/>
    <property name="java.runtime.version" value="1.8.0_171-b11"/>
    <property name="sun.boot.class.path" value="A:\java\jdk1.8.0_171\jre\lib\resources.jar;A:\java\jdk1.8.0_171\jre\lib\rt.jar;A:\java\jdk1.8.0_171\jre\lib\sunrsasign.jar;A:\java\jdk1.8.0_171\jre\lib\jsse.jar;A:\java\jdk1.8.0_171\jre\lib\jce.jar;A:\java\jdk1.8.0_171\jre\lib\charsets.jar;A:\java\jdk1.8.0_171\jre\lib\jfr.jar;A:\java\jdk1.8.0_171\jre\classes"/>
    <property name="OnlineServices" value="Online Services"/>
    <property name="user.country" value="IN"/>
    <property name="MSYSTEM_CHOST" value="x86_64-w64-mingw32"/>
    <property name="maven.home" value="C:\Users\Rushikesh\.jenkins\tools\hudson.tasks.Maven_MavenInstallation\testmaven"/>
    <property name="EXEPATH" value="C:\Program Files\Git"/>
    <property name="ORIGINAL_TMP" value="C:/Users/RUSHIK~1/AppData/Local/Temp"/>
    <property name="JOB_BASE_NAME" value="GREENKART.com"/>
    <property name="HOSTNAME" value="DESKTOP-S8J8GPP"/>
    <property name="HOME" value="C:\Users\Rushikesh"/>
    <property name="java.vendor" value="Oracle Corporation"/>
    <property name="WINDIR" value="C:\WINDOWS"/>
    <property name="java.specification.version" value="1.8"/>
    <property name="sun.arch.data.model" value="64"/>
  </properties>
  <testcase classname="com.qa.greenkart.test.TestHomePage" name="CartIconVisiblity" time="0.137"/>
  <testcase classname="com.qa.greenkart.test.TestHomePage" name="DeCrementButtonVisiblity" time="0.089"/>
  <testcase classname="com.qa.greenkart.test.TestHomePage" name="InCrementButtonVisiblity" time="0.101"/>
  <testcase classname="com.qa.greenkart.test.TestHomePage" name="addToCartButtonVisiblity" time="0.067"/>
  <testcase classname="com.qa.greenkart.test.TestHomePage" name="loginbuttonvisiblity" time="0.062"/>
  <testcase classname="com.qa.greenkart.test.TestHomePage" name="topDealsLinkVisiblity" time="0.082"/>
</testsuite>