<?xml version="1.0" encoding="UTF-8"?>
<!-- Generated by org.testng.reporters.JUnitReportReporter -->
<testsuite skipped="0" hostname="DESKTOP-S8J8GPP" name="com.qa.greenkart.test.TestHomePage" tests="1" failures="0" timestamp="02 Jan 2020 06:54:01 GMT" time="38.617" errors="0">
  <testcase name="SearchTextFiledVisiblity" time="38.617" classname="com.qa.greenkart.test.TestHomePage"/>
</testsuite> <!-- com.qa.greenkart.test.TestHomePage -->
