<?xml version="1.0" encoding="UTF-8"?>
<!-- Generated by org.testng.reporters.JUnitReportReporter -->
<testsuite skipped="0" hostname="DESKTOP-S8J8GPP" name="com.qa.greenkart.test.TestHomePage" tests="3" failures="0" timestamp="05 Jan 2020 04:26:56 GMT" time="421.807" errors="0">
  <testcase name="listOfHomePageProduct" time="109.960" classname="com.qa.greenkart.test.TestHomePage"/>
  <testcase name="listOfHomePageProduct" time="278.090" classname="com.qa.greenkart.test.TestHomePage"/>
  <testcase name="listOfHomePageProduct" time="33.757" classname="com.qa.greenkart.test.TestHomePage"/>
</testsuite> <!-- com.qa.greenkart.test.TestHomePage -->
