<?xml version="1.0" encoding="UTF-8"?>
<!-- Generated by org.testng.reporters.JUnitReportReporter -->
<testsuite skipped="0" hostname="DESKTOP-S8J8GPP" name="com.qa.greenkart.test.TestHomePage" tests="6" failures="0" timestamp="01 Jan 2020 07:39:00 GMT" time="81.993" errors="0">
  <testcase name="topDealsLinkVisiblity" time="12.009" classname="com.qa.greenkart.test.TestHomePage"/>
  <testcase name="DeCrementButtonVisiblity" time="9.040" classname="com.qa.greenkart.test.TestHomePage"/>
  <testcase name="addToCartButtonVisiblity" time="10.060" classname="com.qa.greenkart.test.TestHomePage"/>
  <testcase name="InCrementButtonVisiblity" time="10.318" classname="com.qa.greenkart.test.TestHomePage"/>
  <testcase name="CartIconVisiblity" time="29.428" classname="com.qa.greenkart.test.TestHomePage"/>
  <testcase name="loginbuttonvisiblity" time="11.138" classname="com.qa.greenkart.test.TestHomePage"/>
</testsuite> <!-- com.qa.greenkart.test.TestHomePage -->
