<?xml version="1.0" encoding="UTF-8"?>
<!-- Generated by org.testng.reporters.JUnitReportReporter -->
<testsuite skipped="0" hostname="DESKTOP-S8J8GPP" name="com.qa.greenkart.test.TestHomePage" tests="6" failures="0" timestamp="01 Jan 2020 07:56:32 GMT" time="257.039" errors="0">
  <testcase name="DeCrementButtonVisiblity" time="34.885" classname="com.qa.greenkart.test.TestHomePage"/>
  <testcase name="InCrementButtonVisiblity" time="32.137" classname="com.qa.greenkart.test.TestHomePage"/>
  <testcase name="topDealsLinkVisiblity" time="42.074" classname="com.qa.greenkart.test.TestHomePage"/>
  <testcase name="addToCartButtonVisiblity" time="55.330" classname="com.qa.greenkart.test.TestHomePage"/>
  <testcase name="CartIconVisiblity" time="55.862" classname="com.qa.greenkart.test.TestHomePage"/>
  <testcase name="loginbuttonvisiblity" time="36.751" classname="com.qa.greenkart.test.TestHomePage"/>
</testsuite> <!-- com.qa.greenkart.test.TestHomePage -->
