<?xml version="1.0" encoding="UTF-8"?>
<!-- Generated by org.testng.reporters.JUnitReportReporter -->
<testsuite skipped="0" hostname="DESKTOP-S8J8GPP" name="com.qa.greenkart.test.TestHomePage" tests="6" failures="0" timestamp="01 Jan 2020 07:40:57 GMT" time="84.215" errors="0">
  <testcase name="DeCrementButtonVisiblity" time="11.058" classname="com.qa.greenkart.test.TestHomePage"/>
  <testcase name="InCrementButtonVisiblity" time="13.661" classname="com.qa.greenkart.test.TestHomePage"/>
  <testcase name="topDealsLinkVisiblity" time="11.838" classname="com.qa.greenkart.test.TestHomePage"/>
  <testcase name="addToCartButtonVisiblity" time="13.396" classname="com.qa.greenkart.test.TestHomePage"/>
  <testcase name="CartIconVisiblity" time="22.836" classname="com.qa.greenkart.test.TestHomePage"/>
  <testcase name="loginbuttonvisiblity" time="11.426" classname="com.qa.greenkart.test.TestHomePage"/>
</testsuite> <!-- com.qa.greenkart.test.TestHomePage -->
